<?xml version="1.0" encoding="UTF-8"?>
<testng-results skipped="0" failed="0" ignored="0" total="1" passed="1">
  <reporter-output>
  </reporter-output>
  <suite name="Default suite" duration-ms="19710" started-at="2023-03-21T11:55:48 IST" finished-at="2023-03-21T11:56:08 IST">
    <groups>
    </groups>
    <test name="Default test" duration-ms="19710" started-at="2023-03-21T11:55:48 IST" finished-at="2023-03-21T11:56:08 IST">
      <class name="org.pomframework.Facebook">
        <test-method status="PASS" signature="loginFB()[pri:0, instance:org.pomframework.Facebook@612fc6eb]" name="loginFB" duration-ms="19628" started-at="2023-03-21T11:55:49 IST" finished-at="2023-03-21T11:56:08 IST">
          <reporter-output>
          </reporter-output>
        </test-method> <!-- loginFB -->
      </class> <!-- org.pomframework.Facebook -->
    </test> <!-- Default test -->
  </suite> <!-- Default suite -->
</testng-results>
